2024-12-19 00:41:41,637 - INFO - Iniciando a automação de coleta de livros.
2024-12-19 00:41:46,877 - WARNING - Nenhum dado disponível para salvar.
2024-12-19 00:41:46,877 - INFO - Automação concluída com sucesso.
2024-12-19 00:41:49,024 - INFO - Navegador encerrado.
2024-12-19 00:59:41,863 - INFO - Iniciando a automação de coleta de livros.
2024-12-19 00:59:46,814 - INFO - Dados salvos no arquivo 'livros_automacao_processos.csv'.
2024-12-19 00:59:46,814 - INFO - Automação concluída com sucesso.
2024-12-19 00:59:48,948 - INFO - Navegador encerrado.
2024-12-19 01:04:48,355 - INFO - Iniciando a automação de coleta de livros.
2024-12-19 01:04:52,894 - INFO - Dados salvos no arquivo 'livros_automacao_processos.csv'.
2024-12-19 01:04:52,894 - INFO - Automação concluída com sucesso.
2024-12-19 01:04:55,045 - INFO - Navegador encerrado.
2024-12-19 01:06:20,042 - INFO - Iniciando a automação de coleta de livros.
2024-12-19 01:06:24,042 - INFO - Dados salvos no arquivo 'livros_automacao_processos.csv'.
2024-12-19 01:06:24,042 - INFO - Automação concluída com sucesso.
2024-12-19 01:06:26,183 - INFO - Navegador encerrado.
2024-12-19 01:06:33,889 - INFO - Iniciando a automação de coleta de livros.
2024-12-19 01:06:37,811 - INFO - Dados salvos no arquivo 'livros_automacao_processos.csv'.
2024-12-19 01:06:37,811 - INFO - Automação concluída com sucesso.
2024-12-19 01:06:39,944 - INFO - Navegador encerrado.
2024-12-19 01:07:30,144 - INFO - Iniciando a automação de coleta de livros.
2024-12-19 01:07:34,975 - INFO - Dados salvos no arquivo 'livros_automacao_processos.csv'.
2024-12-19 01:07:34,975 - INFO - Automação concluída com sucesso.
2024-12-19 01:07:37,123 - INFO - Navegador encerrado.
2024-12-19 01:09:41,387 - INFO - Iniciando a automação de coleta de livros.
2024-12-19 01:10:02,329 - INFO - Dados salvos no arquivo 'livros_automacao_processos.csv'.
2024-12-19 01:10:02,329 - INFO - Automação concluída com sucesso.
2024-12-19 01:10:04,476 - INFO - Navegador encerrado.
2024-12-19 01:18:20,856 - INFO - Iniciando a automação de coleta de livros.
2024-12-19 01:18:42,068 - INFO - Dados salvos no arquivo 'livros_automacao_processos.csv'.
2024-12-19 01:18:42,068 - INFO - Automação concluída com sucesso.
2024-12-19 01:18:44,229 - INFO - Navegador encerrado.
2024-12-19 01:21:45,590 - INFO - Iniciando a automação de coleta de livros.
2024-12-19 01:21:49,540 - INFO - Dados salvos no arquivo 'livros_automacao_processos.csv'.
2024-12-19 01:21:49,540 - INFO - Automação concluída com sucesso.
2024-12-19 01:21:51,671 - INFO - Navegador encerrado.
2024-12-19 01:27:01,899 - INFO - Iniciando a automação de coleta de livros.
2024-12-19 01:27:06,159 - INFO - Dados salvos no arquivo 'livros_automacao_processos.csv'.
2024-12-19 01:27:06,159 - INFO - Automação concluída com sucesso.
2024-12-19 01:27:08,300 - INFO - Navegador encerrado.
2024-12-19 01:27:35,640 - INFO - Iniciando a automação de coleta de livros.
2024-12-19 01:27:41,091 - INFO - Dados salvos no arquivo 'livros_automacao_processos.csv'.
2024-12-19 01:27:41,092 - INFO - Automação concluída com sucesso.
2024-12-19 01:27:43,230 - INFO - Navegador encerrado.
2024-12-19 01:28:59,412 - INFO - Iniciando a automação de coleta de livros.
2024-12-19 01:29:18,639 - INFO - Dados salvos no arquivo 'livros_automacao_processos.csv'.
2024-12-19 01:29:18,639 - INFO - Automação concluída com sucesso.
2024-12-19 01:29:20,773 - INFO - Navegador encerrado.
2024-12-19 01:31:21,679 - INFO - Iniciando a automação de coleta de livros.
2024-12-19 01:31:43,831 - INFO - Dados salvos no arquivo 'livros_automacao_processos.csv'.
2024-12-19 01:31:43,831 - INFO - Automação concluída com sucesso.
2024-12-19 01:31:45,981 - INFO - Navegador encerrado.
2024-12-19 01:43:35,891 - INFO - Iniciando a automação de coleta de livros.
2024-12-19 01:43:40,117 - INFO - Dados salvos no arquivo 'livros_automacao_processos.csv'.
2024-12-19 01:43:40,117 - INFO - Automação concluída com sucesso.
2024-12-19 01:43:42,256 - INFO - Navegador encerrado.
2024-12-19 01:49:31,590 - INFO - Iniciando a automação de coleta de livros.
2024-12-19 01:49:35,568 - INFO - Dados salvos no arquivo 'livros_automacao_processos.csv'.
2024-12-19 01:49:35,568 - INFO - Automação concluída com sucesso.
2024-12-19 01:49:37,713 - INFO - Navegador encerrado.
2024-12-19 01:50:31,659 - INFO - Iniciando a automação de coleta de livros.
2024-12-19 01:50:37,019 - INFO - Dados salvos no arquivo 'livros_automacao_processos.csv'.
2024-12-19 01:50:37,019 - INFO - Automação concluída com sucesso.
2024-12-19 01:50:39,165 - INFO - Navegador encerrado.
2024-12-19 01:52:50,225 - INFO - Iniciando a automação de coleta de livros.
2024-12-19 01:52:54,090 - INFO - Dados salvos no arquivo 'livros_automacao_processos.csv'.
2024-12-19 01:52:54,091 - INFO - Automação concluída com sucesso.
2024-12-19 01:52:56,222 - INFO - Navegador encerrado.
2024-12-19 01:53:16,800 - INFO - Iniciando a automação de coleta de livros.
2024-12-19 01:53:30,212 - ERROR - Erro durante a coleta de dados: Message: 
Stacktrace:
	GetHandleVerifier [0x00007FF7224AFB05+28789]
	(No symbol) [0x00007FF7224186E0]
	(No symbol) [0x00007FF7222B592A]
	(No symbol) [0x00007FF72230930E]
	(No symbol) [0x00007FF7223095FC]
	(No symbol) [0x00007FF7223528A7]
	(No symbol) [0x00007FF72232F47F]
	(No symbol) [0x00007FF72234F654]
	(No symbol) [0x00007FF72232F1E3]
	(No symbol) [0x00007FF7222FA938]
	(No symbol) [0x00007FF7222FBAA1]
	GetHandleVerifier [0x00007FF7227E933D+3410093]
	GetHandleVerifier [0x00007FF7227FE7DD+3497293]
	GetHandleVerifier [0x00007FF7227F2A73+3448803]
	GetHandleVerifier [0x00007FF722577BBB+848171]
	(No symbol) [0x00007FF722423C3F]
	(No symbol) [0x00007FF72241F6E4]
	(No symbol) [0x00007FF72241F87D]
	(No symbol) [0x00007FF72240ED49]
	BaseThreadInitThunk [0x00007FFB391CE8D7+23]
	RtlUserThreadStart [0x00007FFB39D5FBCC+44]

2024-12-19 01:53:30,212 - WARNING - Nenhum dado disponível para salvar.
2024-12-19 01:53:30,212 - INFO - Automação concluída com sucesso.
2024-12-19 01:53:32,422 - INFO - Navegador encerrado.
2024-12-19 01:53:44,055 - INFO - Iniciando a automação de coleta de livros.
2024-12-19 01:54:04,258 - INFO - Dados salvos no arquivo 'livros_automacao_processos.csv'.
2024-12-19 01:54:04,258 - INFO - Automação concluída com sucesso.
2024-12-19 01:54:06,417 - INFO - Navegador encerrado.
2024-12-19 02:01:10,332 - INFO - Iniciando a automação de coleta de livros.
2024-12-19 02:01:15,324 - ERROR - Erro durante a coleta de dados: local variable 'e' referenced before assignment
2024-12-19 02:01:15,327 - INFO - Dados salvos no arquivo 'livros_automacao_processos.csv'.
2024-12-19 02:01:15,327 - INFO - Automação concluída com sucesso.
2024-12-19 02:01:17,516 - INFO - Navegador encerrado.
2024-12-19 02:07:29,929 - INFO - Iniciando a automação de coleta de livros.
2024-12-19 02:07:34,279 - INFO - Dados salvos no arquivo 'livros_automacao_processos.csv'.
2024-12-19 02:07:34,279 - INFO - Automação concluída com sucesso.
2024-12-19 02:07:36,428 - INFO - Navegador encerrado.
2024-12-19 02:10:53,645 - INFO - Iniciando a automação de coleta de livros.
2024-12-19 02:10:58,493 - INFO - Dados salvos no arquivo 'livros_automacao_processos.csv'.
2024-12-19 02:10:58,494 - INFO - Automação concluída com sucesso.
2024-12-19 02:11:00,658 - INFO - Navegador encerrado.
2024-12-19 02:20:38,576 - INFO - Iniciando a automação de coleta de livros.
2024-12-19 02:20:45,071 - INFO - Dados salvos no arquivo 'livros_automacao_processos.csv'.
2024-12-19 02:20:45,071 - INFO - Automação concluída com sucesso.
2024-12-19 02:20:47,223 - INFO - Navegador encerrado.
2024-12-19 02:23:28,437 - INFO - Iniciando a automação de coleta de livros.
2024-12-19 02:23:31,939 - ERROR - Erro ao capturar nota: Malformed class selector at position 0
  line 1:
.//span[contains(@class, 'a-icon-alt')]
^
2024-12-19 02:23:32,190 - ERROR - Erro ao capturar nota: Malformed class selector at position 0
  line 1:
.//span[contains(@class, 'a-icon-alt')]
^
2024-12-19 02:23:32,435 - ERROR - Erro ao capturar nota: Malformed class selector at position 0
  line 1:
.//span[contains(@class, 'a-icon-alt')]
^
2024-12-19 02:23:32,649 - ERROR - Erro ao capturar nota: Malformed class selector at position 0
  line 1:
.//span[contains(@class, 'a-icon-alt')]
^
2024-12-19 02:23:32,890 - ERROR - Erro ao capturar nota: Malformed class selector at position 0
  line 1:
.//span[contains(@class, 'a-icon-alt')]
^
2024-12-19 02:23:33,092 - ERROR - Erro ao capturar nota: Malformed class selector at position 0
  line 1:
.//span[contains(@class, 'a-icon-alt')]
^
2024-12-19 02:23:33,459 - ERROR - Erro ao capturar nota: Malformed class selector at position 0
  line 1:
.//span[contains(@class, 'a-icon-alt')]
^
2024-12-19 02:23:33,684 - ERROR - Erro ao capturar nota: Malformed class selector at position 0
  line 1:
.//span[contains(@class, 'a-icon-alt')]
^
2024-12-19 02:23:33,707 - INFO - Dados salvos no arquivo 'livros_automacao_processos.csv'.
2024-12-19 02:23:33,707 - INFO - Automação concluída com sucesso.
2024-12-19 02:23:35,858 - INFO - Navegador encerrado.
2024-12-19 02:24:23,036 - INFO - Iniciando a automação de coleta de livros.
2024-12-19 02:24:44,686 - ERROR - Erro ao capturar nota: Malformed class selector at position 0
  line 1:
.//div/div/span/div/div/div[2]/div[2]/div/span/a/i[1]/span
^
2024-12-19 02:24:44,903 - ERROR - Erro ao capturar nota: Malformed class selector at position 0
  line 1:
.//div/div/span/div/div/div[2]/div[2]/div/span/a/i[1]/span
^
2024-12-19 02:24:45,140 - ERROR - Erro ao capturar nota: Malformed class selector at position 0
  line 1:
.//div/div/span/div/div/div[2]/div[2]/div/span/a/i[1]/span
^
2024-12-19 02:24:45,337 - ERROR - Erro ao capturar nota: Malformed class selector at position 0
  line 1:
.//div/div/span/div/div/div[2]/div[2]/div/span/a/i[1]/span
^
2024-12-19 02:24:45,544 - ERROR - Erro ao capturar nota: Malformed class selector at position 0
  line 1:
.//div/div/span/div/div/div[2]/div[2]/div/span/a/i[1]/span
^
2024-12-19 02:24:45,763 - ERROR - Erro ao capturar nota: Malformed class selector at position 0
  line 1:
.//div/div/span/div/div/div[2]/div[2]/div/span/a/i[1]/span
^
2024-12-19 02:24:46,156 - ERROR - Erro ao capturar nota: Malformed class selector at position 0
  line 1:
.//div/div/span/div/div/div[2]/div[2]/div/span/a/i[1]/span
^
2024-12-19 02:24:46,547 - ERROR - Erro ao capturar nota: Malformed class selector at position 0
  line 1:
.//div/div/span/div/div/div[2]/div[2]/div/span/a/i[1]/span
^
2024-12-19 02:24:46,573 - INFO - Dados salvos no arquivo 'livros_automacao_processos.csv'.
2024-12-19 02:24:46,573 - INFO - Automação concluída com sucesso.
2024-12-19 02:24:48,774 - INFO - Navegador encerrado.
2024-12-19 02:27:39,517 - INFO - Iniciando a automação de coleta de livros.
2024-12-19 02:27:43,840 - INFO - Dados salvos no arquivo 'livros_automacao_processos.csv'.
2024-12-19 02:27:43,842 - INFO - Automação concluída com sucesso.
2024-12-19 02:27:45,990 - INFO - Navegador encerrado.
2024-12-19 02:30:24,367 - INFO - Iniciando a automação de coleta de livros.
2024-12-19 02:30:30,133 - INFO - Dados salvos no arquivo 'livros_automacao_processos.csv'.
2024-12-19 02:30:30,134 - INFO - Automação concluída com sucesso.
2024-12-19 02:30:32,285 - INFO - Navegador encerrado.
2024-12-19 02:31:47,491 - INFO - Iniciando a automação de coleta de livros.
2024-12-19 02:31:52,587 - INFO - Dados salvos no arquivo 'livros_automacao_processos.csv'.
2024-12-19 02:31:52,587 - INFO - Automação concluída com sucesso.
2024-12-19 02:31:54,720 - INFO - Navegador encerrado.
2024-12-19 02:35:48,346 - INFO - Iniciando a automação de coleta de livros.
2024-12-19 02:35:54,940 - INFO - Dados salvos no arquivo 'livros_automacao_processos.csv'.
2024-12-19 02:35:54,940 - INFO - Automação concluída com sucesso.
2024-12-19 02:35:57,092 - INFO - Navegador encerrado.
2024-12-19 02:40:19,248 - INFO - Iniciando a automação de coleta de livros.
2024-12-19 02:40:22,639 - ERROR - Erro ao capturar nota: Invalid character '/' position 0
  line 1:
/html/body/div[1]/div[1]/div[1]/div[1]/div/span[1]/div[1]/div[5]/div/div/span/div/div/div[2]/div[2]/div/span/a/i[1]/span
^
2024-12-19 02:40:22,888 - ERROR - Erro ao capturar nota: Invalid character '/' position 0
  line 1:
/html/body/div[1]/div[1]/div[1]/div[1]/div/span[1]/div[1]/div[5]/div/div/span/div/div/div[2]/div[2]/div/span/a/i[1]/span
^
2024-12-19 02:40:23,150 - ERROR - Erro ao capturar nota: Invalid character '/' position 0
  line 1:
/html/body/div[1]/div[1]/div[1]/div[1]/div/span[1]/div[1]/div[5]/div/div/span/div/div/div[2]/div[2]/div/span/a/i[1]/span
^
2024-12-19 02:40:23,373 - ERROR - Erro ao capturar nota: Invalid character '/' position 0
  line 1:
/html/body/div[1]/div[1]/div[1]/div[1]/div/span[1]/div[1]/div[5]/div/div/span/div/div/div[2]/div[2]/div/span/a/i[1]/span
^
2024-12-19 02:40:23,606 - ERROR - Erro ao capturar nota: Invalid character '/' position 0
  line 1:
/html/body/div[1]/div[1]/div[1]/div[1]/div/span[1]/div[1]/div[5]/div/div/span/div/div/div[2]/div[2]/div/span/a/i[1]/span
^
2024-12-19 02:40:23,801 - ERROR - Erro ao capturar nota: Invalid character '/' position 0
  line 1:
/html/body/div[1]/div[1]/div[1]/div[1]/div/span[1]/div[1]/div[5]/div/div/span/div/div/div[2]/div[2]/div/span/a/i[1]/span
^
2024-12-19 02:40:24,080 - ERROR - Erro ao capturar nota: Invalid character '/' position 0
  line 1:
/html/body/div[1]/div[1]/div[1]/div[1]/div/span[1]/div[1]/div[5]/div/div/span/div/div/div[2]/div[2]/div/span/a/i[1]/span
^
2024-12-19 02:40:24,273 - ERROR - Erro ao capturar nota: Invalid character '/' position 0
  line 1:
/html/body/div[1]/div[1]/div[1]/div[1]/div/span[1]/div[1]/div[5]/div/div/span/div/div/div[2]/div[2]/div/span/a/i[1]/span
^
2024-12-19 02:40:24,292 - INFO - Dados salvos no arquivo 'livros_automacao_processos.csv'.
2024-12-19 02:40:24,292 - INFO - Automação concluída com sucesso.
2024-12-19 02:40:26,436 - INFO - Navegador encerrado.
2024-12-19 02:42:08,031 - INFO - Iniciando a automação de coleta de livros.
2024-12-19 02:42:12,766 - ERROR - Erro ao capturar nota: Malformed class selector at position 0
  line 1:
.//div/div/span/div/div/div[2]/div[2]/div/span/a/i[1]/span
^
2024-12-19 02:42:12,970 - ERROR - Erro ao capturar nota: Malformed class selector at position 0
  line 1:
.//div/div/span/div/div/div[2]/div[2]/div/span/a/i[1]/span
^
2024-12-19 02:42:13,201 - ERROR - Erro ao capturar nota: Malformed class selector at position 0
  line 1:
.//div/div/span/div/div/div[2]/div[2]/div/span/a/i[1]/span
^
2024-12-19 02:42:13,391 - ERROR - Erro ao capturar nota: Malformed class selector at position 0
  line 1:
.//div/div/span/div/div/div[2]/div[2]/div/span/a/i[1]/span
^
2024-12-19 02:42:13,593 - ERROR - Erro ao capturar nota: Malformed class selector at position 0
  line 1:
.//div/div/span/div/div/div[2]/div[2]/div/span/a/i[1]/span
^
2024-12-19 02:42:13,789 - ERROR - Erro ao capturar nota: Malformed class selector at position 0
  line 1:
.//div/div/span/div/div/div[2]/div[2]/div/span/a/i[1]/span
^
2024-12-19 02:42:14,082 - ERROR - Erro ao capturar nota: Malformed class selector at position 0
  line 1:
.//div/div/span/div/div/div[2]/div[2]/div/span/a/i[1]/span
^
2024-12-19 02:42:14,314 - ERROR - Erro ao capturar nota: Malformed class selector at position 0
  line 1:
.//div/div/span/div/div/div[2]/div[2]/div/span/a/i[1]/span
^
2024-12-19 02:42:14,333 - INFO - Dados salvos no arquivo 'livros_automacao_processos.csv'.
2024-12-19 02:42:14,333 - INFO - Automação concluída com sucesso.
2024-12-19 02:42:16,495 - INFO - Navegador encerrado.
